<?xml version="1.0" encoding="UTF-8"?>
<coverage generated="1725084320029" clover="3.2.0">
  <project timestamp="1725084320029" name="All files">
    <metrics statements="36" coveredstatements="34" conditionals="2" coveredconditionals="2" methods="12" coveredmethods="11" elements="50" coveredelements="47" complexity="0" loc="36" ncloc="36" packages="1" files="5" classes="5"/>
    <file name="analiseFaturamento.js" path="/home/leandro/Project/desafios-tecnicos/desafio-target/src/analiseFaturamento.js">
      <metrics statements="13" coveredstatements="11" conditionals="0" coveredconditionals="0" methods="7" coveredmethods="6"/>
      <line num="4" count="5" type="stmt"/>
      <line num="5" count="1" type="stmt"/>
      <line num="6" count="4" type="stmt"/>
      <line num="9" count="1" type="stmt"/>
      <line num="11" count="1" type="stmt"/>
      <line num="12" count="4" type="stmt"/>
      <line num="14" count="1" type="stmt"/>
      <line num="15" count="4" type="stmt"/>
      <line num="18" count="1" type="stmt"/>
      <line num="19" count="4" type="stmt"/>
      <line num="22" count="1" type="stmt"/>
      <line num="30" count="0" type="stmt"/>
      <line num="33" count="0" type="stmt"/>
    </file>
    <file name="calculadoraFibonacci.js" path="/home/leandro/Project/desafios-tecnicos/desafio-target/src/calculadoraFibonacci.js">
      <metrics statements="7" coveredstatements="7" conditionals="2" coveredconditionals="2" methods="1" coveredmethods="1"/>
      <line num="2" count="2" type="stmt"/>
      <line num="3" count="2" type="stmt"/>
      <line num="5" count="2" type="stmt"/>
      <line num="6" count="11" type="stmt"/>
      <line num="7" count="11" type="stmt"/>
      <line num="8" count="11" type="stmt"/>
      <line num="11" count="2" type="cond" truecount="2" falsecount="0"/>
    </file>
    <file name="inverterString.js" path="/home/leandro/Project/desafios-tecnicos/desafio-target/src/inverterString.js">
      <metrics statements="4" coveredstatements="4" conditionals="0" coveredconditionals="0" methods="1" coveredmethods="1"/>
      <line num="2" count="2" type="stmt"/>
      <line num="3" count="2" type="stmt"/>
      <line num="4" count="14" type="stmt"/>
      <line num="6" count="2" type="stmt"/>
    </file>
    <file name="percentuaisEstado.js" path="/home/leandro/Project/desafios-tecnicos/desafio-target/src/percentuaisEstado.js">
      <metrics statements="6" coveredstatements="6" conditionals="0" coveredconditionals="0" methods="2" coveredmethods="2"/>
      <line num="2" count="1" type="stmt"/>
      <line num="3" count="5" type="stmt"/>
      <line num="7" count="1" type="stmt"/>
      <line num="8" count="1" type="stmt"/>
      <line num="9" count="5" type="stmt"/>
      <line num="13" count="1" type="stmt"/>
    </file>
    <file name="somaNumeros.js" path="/home/leandro/Project/desafios-tecnicos/desafio-target/src/somaNumeros.js">
      <metrics statements="6" coveredstatements="6" conditionals="0" coveredconditionals="0" methods="1" coveredmethods="1"/>
      <line num="2" count="2" type="stmt"/>
      <line num="3" count="2" type="stmt"/>
      <line num="5" count="2" type="stmt"/>
      <line num="6" count="18" type="stmt"/>
      <line num="7" count="18" type="stmt"/>
      <line num="10" count="2" type="stmt"/>
    </file>
  </project>
</coverage>
