{"/home/leandro/Project/desafios-tecnicos/desafio-target/src/analiseFaturamento.js": {"path":"/home/leandro/Project/desafios-tecnicos/desafio-target/src/analiseFaturamento.js","statementMap":{"0":{"start":{"line":4,"column":29},"end":{"line":4,"column":65}},"1":{"start":{"line":4,"column":51},"end":{"line":4,"column":64}},"2":{"start":{"line":5,"column":27},"end":{"line":8,"column":3}},"3":{"start":{"line":6,"column":18},"end":{"line":6,"column":33}},"4":{"start":{"line":9,"column":22},"end":{"line":9,"column":66}},"5":{"start":{"line":11,"column":27},"end":{"line":13,"column":3}},"6":{"start":{"line":12,"column":39},"end":{"line":12,"column":48}},"7":{"start":{"line":14,"column":27},"end":{"line":16,"column":3}},"8":{"start":{"line":15,"column":39},"end":{"line":15,"column":48}},"9":{"start":{"line":18,"column":27},"end":{"line":20,"column":10}},"10":{"start":{"line":19,"column":13},"end":{"line":19,"column":36}},"11":{"start":{"line":22,"column":2},"end":{"line":26,"column":4}},"12":{"start":{"line":30,"column":16},"end":{"line":32,"column":3}},"13":{"start":{"line":33,"column":2},"end":{"line":33,"column":36}}},"fnMap":{"0":{"name":"calcularFaturamento","decl":{"start":{"line":3,"column":16},"end":{"line":3,"column":35}},"loc":{"start":{"line":3,"column":43},"end":{"line":27,"column":1}},"line":3},"1":{"name":"(anonymous_1)","decl":{"start":{"line":4,"column":42},"end":{"line":4,"column":43}},"loc":{"start":{"line":4,"column":51},"end":{"line":4,"column":64}},"line":4},"2":{"name":"(anonymous_2)","decl":{"start":{"line":6,"column":4},"end":{"line":6,"column":5}},"loc":{"start":{"line":6,"column":18},"end":{"line":6,"column":33}},"line":6},"3":{"name":"(anonymous_3)","decl":{"start":{"line":12,"column":30},"end":{"line":12,"column":31}},"loc":{"start":{"line":12,"column":39},"end":{"line":12,"column":48}},"line":12},"4":{"name":"(anonymous_4)","decl":{"start":{"line":15,"column":30},"end":{"line":15,"column":31}},"loc":{"start":{"line":15,"column":39},"end":{"line":15,"column":48}},"line":15},"5":{"name":"(anonymous_5)","decl":{"start":{"line":19,"column":4},"end":{"line":19,"column":5}},"loc":{"start":{"line":19,"column":13},"end":{"line":19,"column":36}},"line":19},"6":{"name":"carregarDados","decl":{"start":{"line":29,"column":16},"end":{"line":29,"column":29}},"loc":{"start":{"line":29,"column":32},"end":{"line":34,"column":1}},"line":29}},"branchMap":{},"s":{"0":1,"1":5,"2":1,"3":4,"4":1,"5":1,"6":4,"7":1,"8":4,"9":1,"10":4,"11":1,"12":0,"13":0},"f":{"0":1,"1":5,"2":4,"3":4,"4":4,"5":4,"6":0},"b":{},"_coverageSchema":"1a1c01bbd47fc00a2c39e90264f33305004495a9","hash":"6fd98e1c66e78141b74fdbc37faa6b931cf3b845"}
,"/home/leandro/Project/desafios-tecnicos/desafio-target/src/calculadoraFibonacci.js": {"path":"/home/leandro/Project/desafios-tecnicos/desafio-target/src/calculadoraFibonacci.js","statementMap":{"0":{"start":{"line":2,"column":10},"end":{"line":2,"column":11}},"1":{"start":{"line":3,"column":10},"end":{"line":3,"column":11}},"2":{"start":{"line":5,"column":2},"end":{"line":9,"column":3}},"3":{"start":{"line":6,"column":17},"end":{"line":6,"column":18}},"4":{"start":{"line":7,"column":4},"end":{"line":7,"column":10}},"5":{"start":{"line":8,"column":4},"end":{"line":8,"column":17}},"6":{"start":{"line":11,"column":2},"end":{"line":11,"column":38}}},"fnMap":{"0":{"name":"pertenceASequenciaFibonacci","decl":{"start":{"line":1,"column":16},"end":{"line":1,"column":43}},"loc":{"start":{"line":1,"column":52},"end":{"line":12,"column":1}},"line":1}},"branchMap":{"0":{"loc":{"start":{"line":11,"column":9},"end":{"line":11,"column":37}},"type":"binary-expr","locations":[{"start":{"line":11,"column":9},"end":{"line":11,"column":21}},{"start":{"line":11,"column":25},"end":{"line":11,"column":37}}],"line":11}},"s":{"0":2,"1":2,"2":2,"3":11,"4":11,"5":11,"6":2},"f":{"0":2},"b":{"0":[2,1]},"_coverageSchema":"1a1c01bbd47fc00a2c39e90264f33305004495a9","hash":"b8c1589cb3e54834cf6d4ef51fa947bed2f5576a"}
,"/home/leandro/Project/desafios-tecnicos/desafio-target/src/inverterString.js": {"path":"/home/leandro/Project/desafios-tecnicos/desafio-target/src/inverterString.js","statementMap":{"0":{"start":{"line":2,"column":18},"end":{"line":2,"column":20}},"1":{"start":{"line":3,"column":2},"end":{"line":5,"column":3}},"2":{"start":{"line":3,"column":15},"end":{"line":3,"column":29}},"3":{"start":{"line":4,"column":4},"end":{"line":4,"column":24}},"4":{"start":{"line":6,"column":2},"end":{"line":6,"column":19}}},"fnMap":{"0":{"name":"inverterString","decl":{"start":{"line":1,"column":16},"end":{"line":1,"column":30}},"loc":{"start":{"line":1,"column":36},"end":{"line":7,"column":1}},"line":1}},"branchMap":{},"s":{"0":2,"1":2,"2":2,"3":14,"4":2},"f":{"0":2},"b":{},"_coverageSchema":"1a1c01bbd47fc00a2c39e90264f33305004495a9","hash":"e2a2bdad3cc6e76b43f88817c8b1dde552ca2ab8"}
,"/home/leandro/Project/desafios-tecnicos/desafio-target/src/percentuaisEstado.js": {"path":"/home/leandro/Project/desafios-tecnicos/desafio-target/src/percentuaisEstado.js","statementMap":{"0":{"start":{"line":2,"column":16},"end":{"line":5,"column":3}},"1":{"start":{"line":3,"column":20},"end":{"line":3,"column":31}},"2":{"start":{"line":7,"column":22},"end":{"line":7,"column":24}},"3":{"start":{"line":8,"column":2},"end":{"line":11,"column":3}},"4":{"start":{"line":9,"column":4},"end":{"line":10,"column":61}},"5":{"start":{"line":13,"column":2},"end":{"line":13,"column":21}}},"fnMap":{"0":{"name":"calcularPercentuais","decl":{"start":{"line":1,"column":16},"end":{"line":1,"column":35}},"loc":{"start":{"line":1,"column":49},"end":{"line":14,"column":1}},"line":1},"1":{"name":"(anonymous_1)","decl":{"start":{"line":3,"column":4},"end":{"line":3,"column":5}},"loc":{"start":{"line":3,"column":20},"end":{"line":3,"column":31}},"line":3}},"branchMap":{},"s":{"0":1,"1":5,"2":1,"3":1,"4":5,"5":1},"f":{"0":1,"1":5},"b":{},"_coverageSchema":"1a1c01bbd47fc00a2c39e90264f33305004495a9","hash":"109375d0b85267ed4447067d9a415a49688be723"}
,"/home/leandro/Project/desafios-tecnicos/desafio-target/src/somaNumeros.js": {"path":"/home/leandro/Project/desafios-tecnicos/desafio-target/src/somaNumeros.js","statementMap":{"0":{"start":{"line":2,"column":13},"end":{"line":2,"column":14}},"1":{"start":{"line":3,"column":10},"end":{"line":3,"column":11}},"2":{"start":{"line":5,"column":2},"end":{"line":8,"column":3}},"3":{"start":{"line":6,"column":4},"end":{"line":6,"column":14}},"4":{"start":{"line":7,"column":4},"end":{"line":7,"column":20}},"5":{"start":{"line":10,"column":2},"end":{"line":10,"column":14}}},"fnMap":{"0":{"name":"calcularSoma","decl":{"start":{"line":1,"column":16},"end":{"line":1,"column":28}},"loc":{"start":{"line":1,"column":37},"end":{"line":11,"column":1}},"line":1}},"branchMap":{},"s":{"0":2,"1":2,"2":2,"3":18,"4":18,"5":2},"f":{"0":2},"b":{},"_coverageSchema":"1a1c01bbd47fc00a2c39e90264f33305004495a9","hash":"a0d4ee6b840e5e208b16668b66cd78f02128dace"}
}
