TN:
SF:src/analiseFaturamento.js
FN:3,calcularFaturamento
FN:4,(anonymous_1)
FN:6,(anonymous_2)
FN:12,(anonymous_3)
FN:15,(anonymous_4)
FN:19,(anonymous_5)
FN:29,carregarDados
FNF:7
FNH:6
FNDA:1,calcularFaturamento
FNDA:5,(anonymous_1)
FNDA:4,(anonymous_2)
FNDA:4,(anonymous_3)
FNDA:4,(anonymous_4)
FNDA:4,(anonymous_5)
FNDA:0,carregarDados
DA:4,5
DA:5,1
DA:6,4
DA:9,1
DA:11,1
DA:12,4
DA:14,1
DA:15,4
DA:18,1
DA:19,4
DA:22,1
DA:30,0
DA:33,0
LF:13
LH:11
BRF:0
BRH:0
end_of_record
TN:
SF:src/calculadoraFibonacci.js
FN:1,pertenceASequenciaFibonacci
FNF:1
FNH:1
FNDA:2,pertenceASequenciaFibonacci
DA:2,2
DA:3,2
DA:5,2
DA:6,11
DA:7,11
DA:8,11
DA:11,2
LF:7
LH:7
BRDA:11,0,0,2
BRDA:11,0,1,1
BRF:2
BRH:2
end_of_record
TN:
SF:src/inverterString.js
FN:1,inverterString
FNF:1
FNH:1
FNDA:2,inverterString
DA:2,2
DA:3,2
DA:4,14
DA:6,2
LF:4
LH:4
BRF:0
BRH:0
end_of_record
TN:
SF:src/percentuaisEstado.js
FN:1,calcularPercentuais
FN:3,(anonymous_1)
FNF:2
FNH:2
FNDA:1,calcularPercentuais
FNDA:5,(anonymous_1)
DA:2,1
DA:3,5
DA:7,1
DA:8,1
DA:9,5
DA:13,1
LF:6
LH:6
BRF:0
BRH:0
end_of_record
TN:
SF:src/somaNumeros.js
FN:1,calcularSoma
FNF:1
FNH:1
FNDA:2,calcularSoma
DA:2,2
DA:3,2
DA:5,2
DA:6,18
DA:7,18
DA:10,2
LF:6
LH:6
BRF:0
BRH:0
end_of_record
